<?xml version="1.0" encoding="UTF-8"?>
<testng-results skipped="0" failed="0" total="36" passed="36">
  <reporter-output>
  </reporter-output>
  <suite name="Command line suite" duration-ms="101" started-at="2014-11-18T09:00:35Z" finished-at="2014-11-18T09:00:36Z">
    <groups>
    </groups>
    <test name="Command line test" duration-ms="101" started-at="2014-11-18T09:00:35Z" finished-at="2014-11-18T09:00:36Z">
      <class name="com.jopari.automation.webdriver.util.WindowHelperTest">
        <test-method status="PASS" signature="testIsAlphaNumeric()[pri:0, instance:com.jopari.automation.webdriver.util.WindowHelperTest@1d37602]" name="testIsAlphaNumeric" duration-ms="9" started-at="2014-11-18T14:30:36Z" finished-at="2014-11-18T14:30:36Z">
          <reporter-output>
          </reporter-output>
        </test-method> <!-- testIsAlphaNumeric -->
      </class> <!-- com.jopari.automation.webdriver.util.WindowHelperTest -->
      <class name="com.jopari.automation.util.calendar.CalendarUtilsTest">
        <test-method status="PASS" signature="testFormatDate()[pri:0, instance:com.jopari.automation.util.calendar.CalendarUtilsTest@ae54c6]" name="testFormatDate" duration-ms="6" started-at="2014-11-18T14:30:35Z" finished-at="2014-11-18T14:30:35Z">
          <reporter-output>
          </reporter-output>
        </test-method> <!-- testFormatDate -->
        <test-method status="PASS" signature="testGetCurrentTime()[pri:0, instance:com.jopari.automation.util.calendar.CalendarUtilsTest@ae54c6]" name="testGetCurrentTime" duration-ms="1" started-at="2014-11-18T14:30:35Z" finished-at="2014-11-18T14:30:35Z">
          <reporter-output>
          </reporter-output>
        </test-method> <!-- testGetCurrentTime -->
        <test-method status="PASS" signature="testGetDate()[pri:0, instance:com.jopari.automation.util.calendar.CalendarUtilsTest@ae54c6]" name="testGetDate" duration-ms="1" started-at="2014-11-18T14:30:35Z" finished-at="2014-11-18T14:30:35Z">
          <reporter-output>
          </reporter-output>
        </test-method> <!-- testGetDate -->
        <test-method status="PASS" signature="testGetCurrentTimeInKnownFormat()[pri:0, instance:com.jopari.automation.util.calendar.CalendarUtilsTest@ae54c6]" name="testGetCurrentTimeInKnownFormat" duration-ms="0" started-at="2014-11-18T14:30:35Z" finished-at="2014-11-18T14:30:35Z">
          <reporter-output>
          </reporter-output>
        </test-method> <!-- testGetCurrentTimeInKnownFormat -->
        <test-method status="PASS" signature="testGetDateFromFormat()[pri:0, instance:com.jopari.automation.util.calendar.CalendarUtilsTest@ae54c6]" name="testGetDateFromFormat" duration-ms="2" started-at="2014-11-18T14:30:35Z" finished-at="2014-11-18T14:30:35Z">
          <reporter-output>
          </reporter-output>
        </test-method> <!-- testGetDateFromFormat -->
        <test-method status="PASS" signature="testGetDayNumOfMonth()[pri:0, instance:com.jopari.automation.util.calendar.CalendarUtilsTest@ae54c6]" name="testGetDayNumOfMonth" duration-ms="0" started-at="2014-11-18T14:30:35Z" finished-at="2014-11-18T14:30:35Z">
          <reporter-output>
          </reporter-output>
        </test-method> <!-- testGetDayNumOfMonth -->
        <test-method status="PASS" signature="testGetDateInNewFormat()[pri:0, instance:com.jopari.automation.util.calendar.CalendarUtilsTest@ae54c6]" name="testGetDateInNewFormat" duration-ms="0" started-at="2014-11-18T14:30:35Z" finished-at="2014-11-18T14:30:35Z">
          <reporter-output>
          </reporter-output>
        </test-method> <!-- testGetDateInNewFormat -->
        <test-method status="PASS" signature="testGetMinutes()[pri:0, instance:com.jopari.automation.util.calendar.CalendarUtilsTest@ae54c6]" name="testGetMinutes" duration-ms="0" started-at="2014-11-18T14:30:35Z" finished-at="2014-11-18T14:30:35Z">
          <reporter-output>
          </reporter-output>
        </test-method> <!-- testGetMinutes -->
        <test-method status="PASS" signature="testGetHoursOfDay()[pri:0, instance:com.jopari.automation.util.calendar.CalendarUtilsTest@ae54c6]" name="testGetHoursOfDay" duration-ms="0" started-at="2014-11-18T14:30:35Z" finished-at="2014-11-18T14:30:35Z">
          <reporter-output>
          </reporter-output>
        </test-method> <!-- testGetHoursOfDay -->
        <test-method status="PASS" signature="testGetDayOfMonth()[pri:0, instance:com.jopari.automation.util.calendar.CalendarUtilsTest@ae54c6]" name="testGetDayOfMonth" duration-ms="0" started-at="2014-11-18T14:30:35Z" finished-at="2014-11-18T14:30:35Z">
          <reporter-output>
          </reporter-output>
        </test-method> <!-- testGetDayOfMonth -->
        <test-method status="PASS" signature="testGetDayOfWeek()[pri:0, instance:com.jopari.automation.util.calendar.CalendarUtilsTest@ae54c6]" name="testGetDayOfWeek" duration-ms="0" started-at="2014-11-18T14:30:35Z" finished-at="2014-11-18T14:30:35Z">
          <reporter-output>
          </reporter-output>
        </test-method> <!-- testGetDayOfWeek -->
        <test-method status="PASS" signature="testGetMonthName()[pri:0, instance:com.jopari.automation.util.calendar.CalendarUtilsTest@ae54c6]" name="testGetMonthName" duration-ms="1" started-at="2014-11-18T14:30:35Z" finished-at="2014-11-18T14:30:35Z">
          <reporter-output>
          </reporter-output>
        </test-method> <!-- testGetMonthName -->
        <test-method status="PASS" signature="testadd()[pri:0, instance:com.jopari.automation.util.calendar.CalendarUtilsTest@ae54c6]" name="testadd" duration-ms="1" started-at="2014-11-18T14:30:35Z" finished-at="2014-11-18T14:30:35Z">
          <reporter-output>
          </reporter-output>
        </test-method> <!-- testadd -->
        <test-method status="PASS" signature="testGetYearNum()[pri:0, instance:com.jopari.automation.util.calendar.CalendarUtilsTest@ae54c6]" name="testGetYearNum" duration-ms="0" started-at="2014-11-18T14:30:35Z" finished-at="2014-11-18T14:30:35Z">
          <reporter-output>
          </reporter-output>
        </test-method> <!-- testGetYearNum -->
        <test-method status="PASS" signature="testGetSeconds()[pri:0, instance:com.jopari.automation.util.calendar.CalendarUtilsTest@ae54c6]" name="testGetSeconds" duration-ms="0" started-at="2014-11-18T14:30:35Z" finished-at="2014-11-18T14:30:35Z">
          <reporter-output>
          </reporter-output>
        </test-method> <!-- testGetSeconds -->
        <test-method status="PASS" signature="testGetMonthNum()[pri:0, instance:com.jopari.automation.util.calendar.CalendarUtilsTest@ae54c6]" name="testGetMonthNum" duration-ms="0" started-at="2014-11-18T14:30:35Z" finished-at="2014-11-18T14:30:35Z">
          <reporter-output>
          </reporter-output>
        </test-method> <!-- testGetMonthNum -->
        <test-method status="PASS" signature="testaddMonth()[pri:0, instance:com.jopari.automation.util.calendar.CalendarUtilsTest@ae54c6]" name="testaddMonth" duration-ms="0" started-at="2014-11-18T14:30:35Z" finished-at="2014-11-18T14:30:35Z">
          <reporter-output>
          </reporter-output>
        </test-method> <!-- testaddMonth -->
        <test-method status="PASS" signature="testaddDay()[pri:0, instance:com.jopari.automation.util.calendar.CalendarUtilsTest@ae54c6]" name="testaddDay" duration-ms="0" started-at="2014-11-18T14:30:35Z" finished-at="2014-11-18T14:30:35Z">
          <reporter-output>
          </reporter-output>
        </test-method> <!-- testaddDay -->
        <test-method status="PASS" signature="testaddMinutes()[pri:0, instance:com.jopari.automation.util.calendar.CalendarUtilsTest@ae54c6]" name="testaddMinutes" duration-ms="0" started-at="2014-11-18T14:30:35Z" finished-at="2014-11-18T14:30:35Z">
          <reporter-output>
          </reporter-output>
        </test-method> <!-- testaddMinutes -->
        <test-method status="PASS" signature="testaddHour()[pri:0, instance:com.jopari.automation.util.calendar.CalendarUtilsTest@ae54c6]" name="testaddHour" duration-ms="0" started-at="2014-11-18T14:30:35Z" finished-at="2014-11-18T14:30:35Z">
          <reporter-output>
          </reporter-output>
        </test-method> <!-- testaddHour -->
        <test-method status="PASS" signature="testaddYear()[pri:0, instance:com.jopari.automation.util.calendar.CalendarUtilsTest@ae54c6]" name="testaddYear" duration-ms="0" started-at="2014-11-18T14:30:36Z" finished-at="2014-11-18T14:30:36Z">
          <reporter-output>
          </reporter-output>
        </test-method> <!-- testaddYear -->
        <test-method status="PASS" signature="testaddSeconds()[pri:0, instance:com.jopari.automation.util.calendar.CalendarUtilsTest@ae54c6]" name="testaddSeconds" duration-ms="0" started-at="2014-11-18T14:30:36Z" finished-at="2014-11-18T14:30:36Z">
          <reporter-output>
          </reporter-output>
        </test-method> <!-- testaddSeconds -->
      </class> <!-- com.jopari.automation.util.calendar.CalendarUtilsTest -->
      <class name="com.jopari.automation.webdriver.util.WebDriverUtilTest">
        <test-method status="PASS" signature="testSort()[pri:0, instance:com.jopari.automation.webdriver.util.WebDriverUtilTest@b6cddb]" name="testSort" duration-ms="22" started-at="2014-11-18T14:30:36Z" finished-at="2014-11-18T14:30:36Z">
          <reporter-output>
          </reporter-output>
        </test-method> <!-- testSort -->
      </class> <!-- com.jopari.automation.webdriver.util.WebDriverUtilTest -->
      <class name="com.jopari.automation.util.io.ExcelReaderTest">
        <test-method status="PASS" signature="testGetHeader()[pri:0, instance:com.jopari.automation.util.io.ExcelReaderTest@838573]" name="testGetHeader" duration-ms="0" started-at="2014-11-18T14:30:36Z" finished-at="2014-11-18T14:30:36Z">
          <reporter-output>
          </reporter-output>
        </test-method> <!-- testGetHeader -->
        <test-method status="PASS" signature="testGetColumnCount()[pri:0, instance:com.jopari.automation.util.io.ExcelReaderTest@838573]" name="testGetColumnCount" duration-ms="0" started-at="2014-11-18T14:30:36Z" finished-at="2014-11-18T14:30:36Z">
          <reporter-output>
          </reporter-output>
        </test-method> <!-- testGetColumnCount -->
        <test-method status="PASS" signature="testGetNumValue()[pri:0, instance:com.jopari.automation.util.io.ExcelReaderTest@838573]" name="testGetNumValue" duration-ms="1" started-at="2014-11-18T14:30:36Z" finished-at="2014-11-18T14:30:36Z">
          <reporter-output>
          </reporter-output>
        </test-method> <!-- testGetNumValue -->
        <test-method status="PASS" signature="testGetRow()[pri:0, instance:com.jopari.automation.util.io.ExcelReaderTest@838573]" name="testGetRow" duration-ms="30" started-at="2014-11-18T14:30:36Z" finished-at="2014-11-18T14:30:36Z">
          <reporter-output>
          </reporter-output>
        </test-method> <!-- testGetRow -->
        <test-method status="PASS" signature="testGetValue()[pri:0, instance:com.jopari.automation.util.io.ExcelReaderTest@838573]" name="testGetValue" duration-ms="0" started-at="2014-11-18T14:30:36Z" finished-at="2014-11-18T14:30:36Z">
          <reporter-output>
          </reporter-output>
        </test-method> <!-- testGetValue -->
        <test-method status="PASS" signature="testGetRowCount()[pri:0, instance:com.jopari.automation.util.io.ExcelReaderTest@838573]" name="testGetRowCount" duration-ms="0" started-at="2014-11-18T14:30:36Z" finished-at="2014-11-18T14:30:36Z">
          <reporter-output>
          </reporter-output>
        </test-method> <!-- testGetRowCount -->
        <test-method status="PASS" signature="testGetValueString()[pri:0, instance:com.jopari.automation.util.io.ExcelReaderTest@838573]" name="testGetValueString" duration-ms="0" started-at="2014-11-18T14:30:36Z" finished-at="2014-11-18T14:30:36Z">
          <reporter-output>
          </reporter-output>
        </test-method> <!-- testGetValueString -->
        <test-method status="PASS" signature="testGetValues()[pri:0, instance:com.jopari.automation.util.io.ExcelReaderTest@838573]" name="testGetValues" duration-ms="3" started-at="2014-11-18T14:30:36Z" finished-at="2014-11-18T14:30:36Z">
          <reporter-output>
          </reporter-output>
        </test-method> <!-- testGetValues -->
      </class> <!-- com.jopari.automation.util.io.ExcelReaderTest -->
      <class name="com.jopari.automation.util.io.IOUtiltitesTest">
        <test-method status="PASS" signature="testBlankSpace()[pri:0, instance:com.jopari.automation.util.io.IOUtiltitesTest@1ce5af9]" name="testBlankSpace" duration-ms="2" started-at="2014-11-18T14:30:36Z" finished-at="2014-11-18T14:30:36Z">
          <reporter-output>
          </reporter-output>
        </test-method> <!-- testBlankSpace -->
        <test-method status="PASS" signature="testCreateDirectory()[pri:0, instance:com.jopari.automation.util.io.IOUtiltitesTest@1ce5af9]" name="testCreateDirectory" duration-ms="2" started-at="2014-11-18T14:30:36Z" finished-at="2014-11-18T14:30:36Z">
          <reporter-output>
          </reporter-output>
        </test-method> <!-- testCreateDirectory -->
        <test-method status="PASS" signature="testReadTextLinesInFile()[pri:0, instance:com.jopari.automation.util.io.IOUtiltitesTest@1ce5af9]" name="testReadTextLinesInFile" duration-ms="1" started-at="2014-11-18T14:30:36Z" finished-at="2014-11-18T14:30:36Z">
          <reporter-output>
          </reporter-output>
        </test-method> <!-- testReadTextLinesInFile -->
        <test-method status="PASS" signature="testSpecialCharacter()[pri:0, instance:com.jopari.automation.util.io.IOUtiltitesTest@1ce5af9]" name="testSpecialCharacter" duration-ms="1" started-at="2014-11-18T14:30:36Z" finished-at="2014-11-18T14:30:36Z">
          <reporter-output>
          </reporter-output>
        </test-method> <!-- testSpecialCharacter -->
      </class> <!-- com.jopari.automation.util.io.IOUtiltitesTest -->
    </test> <!-- Command line test -->
  </suite> <!-- Command line suite -->
</testng-results>
